0 info it worked if it ends with ok
1 verbose cli [ 'C:\\Program Files\\nodejs\\node.exe',
1 verbose cli   'C:\\Users\\ritesha\\AppData\\Roaming\\npm\\node_modules\\npm\\bin\\npm-cli.js',
1 verbose cli   'run',
1 verbose cli   'testone',
1 verbose cli   '--',
1 verbose cli   'security\\auth\\authcontroller.spec.js' ]
2 info using npm@3.7.3
3 info using node@v5.7.0
4 verbose run-script [ 'pretestone', 'testone', 'posttestone' ]
5 info lifecycle nodedata@0.0.25~pretestone: nodedata@0.0.25
6 silly lifecycle nodedata@0.0.25~pretestone: no script for pretestone, continuing
7 info lifecycle nodedata@0.0.25~testone: nodedata@0.0.25
8 verbose lifecycle nodedata@0.0.25~testone: unsafe-perm in lifecycle true
9 verbose lifecycle nodedata@0.0.25~testone: PATH: C:\Users\ritesha\AppData\Roaming\npm\node_modules\npm\bin\node-gyp-bin;D:\node_data\Node-Data\node_modules\.bin;C:\Program Files\nodejs;C:\Ruby22\bin;C:\Users\ritesha\AppData\Roaming\npm;C:\ProgramData\Oracle\Java\javapath;C:\Windows\system32;C:\Windows;C:\Windows\System32\Wbem;C:\Windows\System32\WindowsPowerShell\v1.0\;C:\Program Files (x86)\Intel\OpenCL SDK\2.0\bin\x86;C:\Program Files (x86)\Intel\OpenCL SDK\2.0\bin\x64;C:\Program Files\Microsoft SQL Server\110\Tools\Binn\;C:\Program Files (x86)\Microsoft SDKs\TypeScript\1.1\;C:\Program Files (x86)\MySQL\MySQL Fabric 1.5.3 & MySQL Utilities 1.5.3 1.5\;C:\Program Files (x86)\MySQL\MySQL Fabric 1.5.3 & MySQL Utilities 1.5.3 1.5\Doctrine extensions for PHP\;C:\Program Files (x86)\Microsoft SDKs\TypeScript\1.4\;C:\Program Files (x86)\Git\cmd;C:\Program Files (x86)\GitExtensions\;C:\Program Files\erl7.0\bin;C:\Program Files (x86)\Elixir\bin;C:\Program Files (x86)\Skype\Phone\;C:\Program Files\apache-maven-3.3.9\bin;\Users\ritesha\AppData\Local\Android\android-sdk\tools;\Users\ritesha\AppData\Local\Android\android-sdk\platform-tools;C:\Ruby22-x64\bin;C:\adb;;C:\adb;C:\Program Files\jEdit;C:\Windows\system32\config\systemprofile\.dnx\bin;C:\Program Files\Microsoft DNX\Dnvm\;C:\HashiCorp\Vagrant\bin;D:\SOFTWARES\curl;C:\Program Files\nodejs\;C:\Ruby22-x64\bin;C:\Program Files\nodejs\;\Users\ritesha\AppData\Local\Android\android-sdk\tools;\Users\ritesha\AppData\Local\Android\android-sdk\platform-tools;C:\Program Files\MongoDB\Server\3.2\bin;D:\SOFTWARES\curl;C:\Users\ritesha\AppData\Roaming\npm
10 verbose lifecycle nodedata@0.0.25~testone: CWD: D:\node_data\Node-Data
11 silly lifecycle nodedata@0.0.25~testone: Args: [ '/d /s /c',
11 silly lifecycle   'jasmine  "security\\auth\\authcontroller.spec.js"' ]
12 silly lifecycle nodedata@0.0.25~testone: Returned: code: 1  signal: null
13 info lifecycle nodedata@0.0.25~testone: Failed to exec testone script
14 verbose stack Error: nodedata@0.0.25 testone: `jasmine  "security\auth\authcontroller.spec.js"`
14 verbose stack Exit status 1
14 verbose stack     at EventEmitter.<anonymous> (C:\Users\ritesha\AppData\Roaming\npm\node_modules\npm\lib\utils\lifecycle.js:239:16)
14 verbose stack     at emitTwo (events.js:100:13)
14 verbose stack     at EventEmitter.emit (events.js:185:7)
14 verbose stack     at ChildProcess.<anonymous> (C:\Users\ritesha\AppData\Roaming\npm\node_modules\npm\lib\utils\spawn.js:24:14)
14 verbose stack     at emitTwo (events.js:100:13)
14 verbose stack     at ChildProcess.emit (events.js:185:7)
14 verbose stack     at maybeClose (internal/child_process.js:827:16)
14 verbose stack     at Process.ChildProcess._handle.onexit (internal/child_process.js:211:5)
15 verbose pkgid nodedata@0.0.25
16 verbose cwd D:\node_data\Node-Data
17 error Windows_NT 6.1.7601
18 error argv "C:\\Program Files\\nodejs\\node.exe" "C:\\Users\\ritesha\\AppData\\Roaming\\npm\\node_modules\\npm\\bin\\npm-cli.js" "run" "testone" "--" "security\\auth\\authcontroller.spec.js"
19 error node v5.7.0
20 error npm  v3.7.3
21 error code ELIFECYCLE
22 error nodedata@0.0.25 testone: `jasmine  "security\auth\authcontroller.spec.js"`
22 error Exit status 1
23 error Failed at the nodedata@0.0.25 testone script 'jasmine  "security\auth\authcontroller.spec.js"'.
23 error Make sure you have the latest version of node.js and npm installed.
23 error If you do, this is most likely a problem with the nodedata package,
23 error not with npm itself.
23 error Tell the author that this fails on your system:
23 error     jasmine  "security\auth\authcontroller.spec.js"
23 error You can get information on how to open an issue for this project with:
23 error     npm bugs nodedata
23 error Or if that isn't available, you can get their info via:
23 error     npm owner ls nodedata
23 error There is likely additional logging output above.
24 verbose exit [ 1, true ]
